Case #1: 19 20
Case #2: 023 023
Case #3: 0 0
Case #4: 05 00
Case #5: 301 307
Case #6: 060 029
Case #7: 15 10
Case #8: 068 069
Case #9: 093 098
Case #10: 909 900
Case #11: 00 00
Case #12: 066 066
Case #13: 008 001
Case #14: 318 310
Case #15: 850 850
Case #16: 049 090
Case #17: 663 663
Case #18: 039 039
Case #19: 508 505
Case #20: 621 670
Case #21: 09 05
Case #22: 5 5
Case #23: 099 178
Case #24: 029 070
Case #25: 070 019
Case #26: 990 909
Case #27: 484 484
Case #28: 019 089
Case #29: 209 241
Case #30: 019 065
Case #31: 380 383
Case #32: 039 080
Case #33: 00 00
Case #34: 040 040
Case #35: 09 99
Case #36: 325 325
Case #37: 009 070
Case #38: 019 050
Case #39: 99 99
Case #40: 99 99
Case #41: 588 588
Case #42: 191 191
Case #43: 00 00
Case #44: 00 00
Case #45: 159 151
Case #46: 305 300
Case #47: 507 500
Case #48: 09 09
Case #49: 092 093
Case #50: 099 909
Case #51: 102 102
Case #52: 09 09
Case #53: 707 707
Case #54: 040 009
Case #55: 605 670
Case #56: 000 000
Case #57: 95 95
Case #58: 940 940
Case #59: 000 009
Case #60: 99 99
Case #61: 050 009
Case #62: 009 060
Case #63: 092 098
Case #64: 039 070
Case #65: 070 029
Case #66: 059 090
Case #67: 500 094
Case #68: 193 327
Case #69: 209 228
Case #70: 090 049
Case #71: 90 90
Case #72: 590 549
Case #73: 046 046
Case #74: 316 316
Case #75: 080 039
Case #76: 482 487
Case #77: 00 09
Case #78: 009 009
Case #79: 900 909
Case #80: 90 09
Case #81: 397 760
Case #82: 189 660
Case #83: 500 500
Case #84: 099 090
Case #85: 05 05
Case #86: 988 959
Case #87: 702 092
Case #88: 700 700
Case #89: 904 900
Case #90: 99 99
Case #91: 95 95
Case #92: 081 081
Case #93: 10 15
Case #94: 003 003
Case #95: 00 05
Case #96: 908 497
Case #97: 09 09
Case #98: 407 401
Case #99: 9 9
Case #100: 098 093
Case #101: 09 09
Case #102: 05 05
Case #103: 99 95
Case #104: 039 090
Case #105: 046 090
Case #106: 722 722
Case #107: 00 00
Case #108: 090 099
Case #109: 001 001
Case #110: 080 029
Case #111: 998 992
Case #112: 009 040
Case #113: 090 090
Case #114: 019 060
Case #115: 029 080
Case #116: 000 000
Case #117: 019 070
Case #118: 500 500
Case #119: 909 990
Case #120: 054 070
Case #121: 394 392
Case #122: 048 080
Case #123: 293 368
Case #124: 993 998
Case #125: 076 076
Case #126: 407 407
Case #127: 90 90
Case #128: 90 99
Case #129: 079 009
Case #130: 880 192
Case #131: 003 005
Case #132: 0 0
Case #133: 090 090
Case #134: 99 99
Case #135: 109 162
Case #136: 99 99
Case #137: 00 00
Case #138: 020 020
Case #139: 569 600
Case #140: 807 800
Case #141: 708 700
Case #142: 020 019
Case #143: 080 049
Case #144: 93 98
Case #145: 060 019
Case #146: 399 527
Case #147: 150 155
Case #148: 992 998
Case #149: 5 5
Case #150: 99 90
Case #151: 99 09
Case #152: 323 380
Case #153: 998 993
Case #154: 849 849
Case #155: 000 000
Case #156: 571 574
Case #157: 349 376
Case #158: 090 039
Case #159: 070 046
Case #160: 049 060
Case #161: 060 060
Case #162: 029 060
Case #163: 05 09
Case #164: 199 807
Case #165: 398 901
Case #166: 404 404
Case #167: 90 90
Case #168: 800 699
Case #169: 761 768
Case #170: 908 907
Case #171: 05 05
Case #172: 900 704
Case #173: 996 996
Case #174: 009 050
Case #175: 609 601
Case #176: 821 826
Case #177: 98 93
Case #178: 050 019
Case #179: 90 90
Case #180: 99 99
Case #181: 640 640
Case #182: 0 0
Case #183: 09 90
Case #184: 09 00
Case #185: 085 085
Case #186: 199 199
Case #187: 060 009
Case #188: 018 018
Case #189: 049 080
Case #190: 664 664
Case #191: 00 00
Case #192: 090 059
Case #193: 090 039
Case #194: 95 99
Case #195: 050 049
Case #196: 05 05
Case #197: 99 99
Case #198: 730 727
Case #199: 070 039
Case #200: 9 9
