Case #1: CCAB
Case #2: MJJA
Case #3: OCCDE
Case #4: BBAAAA
Case #5: CCCCABBBAB
Case #6: CCCBAAABAB
Case #7: ZZXCASDQWE
Case #8: CCCCCCCABAAAABAA
Case #9: CCCCCCABBBBBBBBB
Case #10: BAAAA
Case #11: CCCCCCCCAABABAAB
Case #12: CCCCCCBBBBBABBBB
Case #13: CCCCCBBBBBBAAAAA
Case #14: CCCCCCCCAABBBBAB
Case #15: BBAA
Case #16: CCCCCCCCCBBAABBB
Case #17: CCCCCBBBBBBAAAAA
Case #18: CCCCAAABBBABBAAB
Case #19: ONKDBAACFGHEJLMI
Case #20: MMKAAGDCBAEFHIJL
Case #21: RRBAAACADABA
Case #22: BBBA
Case #23: CCCCCBBBBBBAAAAA
Case #24: CCCCBBBBAAAABAAB
Case #25: BBA
Case #26: ZXXLWDYKHFNSDTJV
Case #27: CCCCCCBBBBBAAAAA
Case #28: AA
Case #29: BBBB
Case #30: BBAAA
Case #31: CCCCCCCBBBABAABB
Case #32: OMKKBFDHCEJALING
Case #33: CCCCCBBABABBAA
Case #34: OLHEEAFIJCKNDGMB
Case #35: CCCCCCBBBABBABAA
Case #36: CCCCBBABABBBAABB
Case #37: BAAA
Case #38: ZZADBC
Case #39: CCCCCCABBAAABBAB
Case #40: BBAA
Case #41: ZZABCD
Case #42: CCCCCBBBBBBAAAAA
Case #43: DDCCCCBBBAAABAB
Case #44: DDCBBBBACCBCBCA
Case #45: BAAAA
Case #46: CCBA
Case #47: OOINLKAHMGFEJCBD
Case #48: BAA
Case #49: CCCCCAAAAABBBBBA
Case #50: CCCCCBBBBBAAAAAB
Case #51: BBBBBAAAAAAAAA
Case #52: YXVTTGRSLQFQFGHV
Case #53: OKAAEJCIHFNBMLDG
Case #54: ZZZNNNHLPVXKGMDX
Case #55: CBAA
Case #56: CCCCCBBBBBAAAAAA
Case #57: ZZAYBXCWDUE
Case #58: ZZDCBA
Case #59: AAA
Case #60: BAAAA
Case #61: BBB
Case #62: ZAABYCXDWEU
Case #63: CCCCCBBBBAAAABAB
Case #64: CCCCCBBBAAAAAB
Case #65: CAAB
Case #66: OOMNCLBKHIFGDEJA
Case #67: OHGAAEDCBIJKLMFN
Case #68: CCCCCBAAAAABABBB
Case #69: CBBBBBBBAAAAAAA
Case #70: OOHDLAJCMGFENIBK
Case #71: ZZACBA
Case #72: CBBA
Case #73: CCCCCBBBBBBAAAAA
Case #74: CCCCCBBAAAABBBBA
Case #75: DCBBBBAAAAAAABB
Case #76: CCCCCCCCBABABBAA
Case #77: MMLIHDCBBAKJGFEA
Case #78: CBBBBBBBAAAAAAA
Case #79: CCCCCCBBBBBAAAAA
Case #80: DCCBBBBBBAAAAAAA
Case #81: MMAALKIGEDCBAFHJ
Case #82: MMKHGFCAAALJIEDB
Case #83: ZZDABC
Case #84: MMLKJIGFEEAHDCBA
Case #85: XQMDDLJPVWVSRQNN
Case #86: AAAA
Case #87: ONMLKJIBAAHEFGDC
Case #88: MMMLFEDCABGHIJKA
Case #89: CBBA
Case #90: ZEDCBAAYXWU
Case #91: ZZZZZNFPSFFGGRRB
Case #92: CCBBBBBAAAAAAAA
Case #93: DCBBAAAAAAACBC
Case #94: BAAA
Case #95: CCCCCCCCBABAABBB
Case #96: ZZ
Case #97: OOMNLAEIHGFJDCBK
Case #98: BBBA
Case #99: ZZAAAA
Case #100: CCCCCCCBBBBABAAA
